[Message: Preloader] BepInEx 5.0.0.0 - Risk of Rain 2
[Info   : Preloader] Running under Unity v2018.3.14.13691377
[Info   : Preloader] CLR runtime version: 4.0.30319.17020
[Info   : Preloader] Supports SRE: False
[Message: Preloader] Preloader started
[Info   : Preloader] Loaded 1 patcher methods from BepInEx.MonoMod.Loader, Version=1.0.0.0, Culture=neutral, PublicKeyToken=null
[Info   : Preloader] 2 patcher plugin(s) loaded
[Info   : Preloader] Patching [UnityEngine.CoreModule] with [BepInEx.Chainloader]
[Info   : Preloader] Collecting target assemblies from mods
[Info   : Preloader] Patching [Assembly-CSharp] with [BepInEx.MonoMod.Loader.Patcher]
[Message: Preloader] [Main] Scanning for mods in directory.
[Message: Preloader] [ReadMod] Loading mod dir: C:\Program Files (x86)\Steam\steamapps\common\Risk of Rain 2\BepInEx\monomod
[Message: Preloader] [ReadMod] Loading mod: C:\Program Files (x86)\Steam\steamapps\common\Risk of Rain 2\BepInEx\monomod\Assembly-CSharp.R2API.mm.dll
[Message: Preloader] [Main] Found 1 mods
[Message: Preloader] [Main] mm.PatchRefs(); fixup pre-pass
[Message: Preloader] [Main] mm.AutoPatch();
[Message: Preloader] [AutoPatch] Parsing rules in loaded mods
[Info   : Preloader] [MonoMod] [RulesModder] 
[Info   : Preloader] [Write] Writing modded module into output stream.
[Message: Preloader] [AutoPatch] PrePatch pass
[Message: Preloader] [AutoPatch] Patch pass
[Message: Preloader] [AutoPatch] PatchRefs pass
[Message: Preloader] [PostProcessor] PostProcessor pass #1
[Message: Preloader] [Main] Done.
[Message: Preloader] Preloader finished
[Message:   BepInEx] Chainloader ready
[Message:   BepInEx] Chainloader started
[Info   :   BepInEx] 30 plugins to load
[Info   :   BepInEx] Loading [R2API 2.3.14]
[Info   :     R2API] Enabling R2API Submodule: DifficultyAPI
[Info   :     R2API] Enabling R2API Submodule: DirectorAPI
[Info   :     R2API] Enabling R2API Submodule: EntityAPI
[Info   :     R2API] Enabling R2API Submodule: ResourcesAPI
[Info   :     R2API] Enabling R2API Submodule: SkillAPI
[Info   :     R2API] Enabling R2API Submodule: SurvivorAPI
[Info   :     R2API] Enabling R2API Submodule: AssetPlus
[Info   :   BepInEx] Loading [DronesInheritItems 2.4.5]
[Info   : Unity Log] DronesInheritItems v2.4.5 Loaded!
[Info   :   BepInEx] Loading [FuelArrayBless 1.0.0]
[Info   :   BepInEx] Loading [Screaming Vagrant 1.0.0]
[Info   :   BepInEx] Loading [Faster3DPrinters 1.0.0]
[Info   :   BepInEx] Loading [ScalingBloodShrines 1.0.0]
[Info   :   BepInEx] Loading [MobileTurretFungus 1.0]
[Info   :   BepInEx] Loading [Ordered Items 2.1.0]
[Info   :   BepInEx] Loading [Diluvian 1.0.2]
[Info   :   BepInEx] Loading [HarbTweaks 1.0.0]
[Message:HarbTweaks] Loaded Tweak: Bigger Lockboxes.
[Message:HarbTweaks] Loaded Tweak: First Stage Spawns.
[Message:HarbTweaks] Loaded Tweak: Greedy Lockboxes.
[Message:HarbTweaks] Loaded Tweak: Multishop Improvements.
[Message:HarbTweaks] Loaded Tweak: No Forward Saw.
[Message:HarbTweaks] Loaded Tweak: Silent Altar.
[Info   :   BepInEx] Loading [HjUpdaterAPI 1.4.1]
[Info   :   BepInEx] Loading [StatsDisplay 1.3]
[Info   : Unity Log] Loaded StatsDisplayMod
[Info   :   BepInEx] Loading [Thiccify 2.0.0]
[Info   :   BepInEx] Loading [BazaarPrinter 0.1.1]
[Info   :   BepInEx] Loading [BiggerBazaar 1.7.3]
[Info   :   BepInEx] Loading [BalancedObliterate 1.1.6]
[Info   :   BepInEx] Loading [Bandit Classic 1.5.3]
[Info   :   BepInEx] Loading [AllahuAkbarFuelArray 1.0.0]
[Info   :   BepInEx] Loading [MultiTrackDriftingSurvivors 1.1.0]
[Info   :   BepInEx] Loading [MultiTrackDriftingTurrets 2.0.0]
[Info   :   BepInEx] Loading [ReinArchWisps 2.0.1]
[Info   :   BepInEx] Loading [Boss Item Drop 1.0.0]
[Info   :   BepInEx] Loading [DropInMultiplayer 3.0.1]
[Info   : Unity Log] Created by SushiDev with help from IdeathHD and Harb! Derived from DropInMultiplayer by Morris1927 with permission.
[Info   :   BepInEx] Loading [Versatile Survivors 1.0.0]
[Info   :   BepInEx] Loading [Silly Items 0.4.1]
[Info   :   BepInEx] Loading [ItemStats 1.4.0]
[Info   :   BepInEx] Loading [SequenceOnDeath 1.0.2]
[Info   :   BepInEx] Loading [MiniRpcLib 1.0]
[Info   :MiniRpcLib] Initializing Logger
[Info   :MiniRpcLib] Initializing MiniRpc
[Info   :MiniRpcLib] 3923704355[0] Registering action | Server
[Info   :MiniRpcLib] 3923704355[1] Registering action | Client
[Info   :MiniRpcLib] 3923704355[2] Registering action | Client
[Info   :MiniRpcLib] 3923704355[3] Registering action | Server
[Info   :   BepInEx] Loading [TooManyFriends 1.0]
[Info   :   BepInEx] Loading [Skip Welcome Screen 1.0.1]
[Message:   BepInEx] Chainloader startup complete
[Info   : Unity Log] WwiseUnity: Sound engine initialized successfully.
[Info   : Unity Log] Bloom: True
[Info   : Unity Log] english
[Info   : Unity Log] Setting current language to "en"
[Info   : Unity Log] arg[0]="C:\Program Files (x86)\Steam\steamapps\common\Risk of Rain 2\Risk of Rain 2.exe"
[Info   : Unity Log] Initializing system: BodyCatalog
[Info   : Unity Log] Initializing system: BuffCatalog
[Info   : Unity Log] Initializing system: CostTypeCatalog
[Info   : Unity Log] Initializing system: EffectCatalog
[Info   : Unity Log] Initializing system: EliteCatalog
[Info   : Unity Log] Initializing system: EquipmentCatalog
[Info   : Unity Log] Initializing system: ItemCatalog
[Info   : Unity Log] Initializing system: ItemMaskNetworkExtensions
[Info   : Unity Log] Initializing system: MasterCatalog
[Info   : Unity Log] Initializing system: PickupCatalog
[Info   : Unity Log] Initializing system: ProjectileCatalog
[Info   : Unity Log] Initializing system: RuleCatalog
[Info   : Unity Log] Initializing system: SceneCatalog
[Info   : Unity Log] Initializing system: SteamworksServerManager
[Info   : Unity Log] Initializing system: SurvivorCatalog
[Warning: Unity Log] Unregistered survivor Bandit!
[Info   :     R2API] Survivor: Bandit added
[Info   : Unity Log] Initializing system: UnlockableCatalog
[Info   : Unity Log] Initializing system: UserProfile
[Info   : Unity Log] Initializing system: StatDef
[Info   : Unity Log] Registering key 'arena' with stat name 'totalTimesVisited.arena'
[Info   : Unity Log] Registering key 'bazaar' with stat name 'totalTimesVisited.bazaar'
[Info   : Unity Log] Registering key 'blackbeach' with stat name 'totalTimesVisited.blackbeach'
[Info   : Unity Log] Registering key 'crystalworld' with stat name 'totalTimesVisited.crystalworld'
[Info   : Unity Log] Registering key 'dampcavesimple' with stat name 'totalTimesVisited.dampcavesimple'
[Info   : Unity Log] Registering key 'foggyswamp' with stat name 'totalTimesVisited.foggyswamp'
[Info   : Unity Log] Registering key 'frozenwall' with stat name 'totalTimesVisited.frozenwall'
[Info   : Unity Log] Registering key 'goldshores' with stat name 'totalTimesVisited.goldshores'
[Info   : Unity Log] Registering key 'golemplains' with stat name 'totalTimesVisited.golemplains'
[Info   : Unity Log] Registering key 'goolake' with stat name 'totalTimesVisited.goolake'
[Info   : Unity Log] Registering key 'limbo' with stat name 'totalTimesVisited.limbo'
[Info   : Unity Log] Registering key 'lobby' with stat name 'totalTimesVisited.lobby'
[Info   : Unity Log] Registering key 'logbook' with stat name 'totalTimesVisited.logbook'
[Info   : Unity Log] Registering key 'mysteryspace' with stat name 'totalTimesVisited.mysteryspace'
[Info   : Unity Log] Registering key 'shipgraveyard' with stat name 'totalTimesVisited.shipgraveyard'
[Info   : Unity Log] Registering key 'title' with stat name 'totalTimesVisited.title'
[Info   : Unity Log] Registering key 'wispgraveyard' with stat name 'totalTimesVisited.wispgraveyard'
[Info   : Unity Log] Registering key 'arena' with stat name 'totalTimesCleared.arena'
[Info   : Unity Log] Registering key 'bazaar' with stat name 'totalTimesCleared.bazaar'
[Info   : Unity Log] Registering key 'blackbeach' with stat name 'totalTimesCleared.blackbeach'
[Info   : Unity Log] Registering key 'crystalworld' with stat name 'totalTimesCleared.crystalworld'
[Info   : Unity Log] Registering key 'dampcavesimple' with stat name 'totalTimesCleared.dampcavesimple'
[Info   : Unity Log] Registering key 'foggyswamp' with stat name 'totalTimesCleared.foggyswamp'
[Info   : Unity Log] Registering key 'frozenwall' with stat name 'totalTimesCleared.frozenwall'
[Info   : Unity Log] Registering key 'goldshores' with stat name 'totalTimesCleared.goldshores'
[Info   : Unity Log] Registering key 'golemplains' with stat name 'totalTimesCleared.golemplains'
[Info   : Unity Log] Registering key 'goolake' with stat name 'totalTimesCleared.goolake'
[Info   : Unity Log] Registering key 'limbo' with stat name 'totalTimesCleared.limbo'
[Info   : Unity Log] Registering key 'lobby' with stat name 'totalTimesCleared.lobby'
[Info   : Unity Log] Registering key 'logbook' with stat name 'totalTimesCleared.logbook'
[Info   : Unity Log] Registering key 'mysteryspace' with stat name 'totalTimesCleared.mysteryspace'
[Info   : Unity Log] Registering key 'shipgraveyard' with stat name 'totalTimesCleared.shipgraveyard'
[Info   : Unity Log] Registering key 'title' with stat name 'totalTimesCleared.title'
[Info   : Unity Log] Registering key 'wispgraveyard' with stat name 'totalTimesCleared.wispgraveyard'
[Info   : Unity Log] Initializing system: StatSheet
[Info   : Unity Log] Initializing system: SkillCatalog
[Info   : Unity Log] Initializing system: ArenaInfoPanel
[Info   : Unity Log] Initializing system: NetworkSoundEventCatalog
[Info   : Unity Log] Initializing system: AchievementManager
[Info   : Unity Log] Initializing system: BuffMask
[Info   : Unity Log] Initializing system: LunarItemOrEquipmentCostTypeHelper
[Info   : Unity Log] Initializing system: ItemDisplayRuleSet
[Info   : Unity Log] Initializing system: EquipmentMask
[Info   : Unity Log] Initializing system: PreGameRuleVoteController
[Info   : Unity Log] Initializing system: ShrineCleanseBehavior
[Info   : Unity Log] Initializing system: GameModeCatalog
[Info   : Unity Log] Registered gamemode ClassicRun True
[Info   : Unity Log] Registered gamemode WeeklyRun True
[Info   : Unity Log] Initializing system: BodyLoadoutManager
[Info   : Unity Log] Initializing system: RuleBook
[Info   : Unity Log] Attempting to load user profile /UserProfiles/66efcae5-9b2c-4e07-8c1d-27c142292fd4.xml
[Info   : Unity Log] stream.Length=120716
[Info   : Unity Log] english
[Info   : Unity Log] Setting current language to "en"
[Info   : Unity Log] Loaded archived convars.
[Info   : Unity Log] Could not load config /Config/autoexec.cfg: Could not find file "C:\Program Files (x86)\Steam\steamapps\common\Risk of Rain 2\Risk of Rain 2_Data\Config\autoexec.cfg"
[Info   : Unity Log] Active scene changed from  to title
[Info   : Unity Log] Loaded scene title loadSceneMode=2
[Message:HarbTweaks] Loaded Tweak: Shorter Medkits.
[Info   : Unity Log] [HjUpdaterAPI] Checking updates for 6 mod(s)...
[Info   : Unity Log] [HjUpdaterAPI] Mods list fetched.
[Info   : Unity Log] [HjUpdaterAPI] The package (mod) named 'HjUpdaterAPI' (1.4.1) is up to date.
[Info   : Unity Log] [HjUpdaterAPI] The package (mod) named 'Thiccify' (2.0.0) is up to date.
[Info   : Unity Log] [HjUpdaterAPI] The package (mod) named 'BalancedObliterate' (1.1.6) is up to date.
[Info   : Unity Log] [HjUpdaterAPI] The package (mod) named 'AllahuAkbarFuelArray' (1.0.0) is up to date.
[Info   : Unity Log] [HjUpdaterAPI] The package (mod) named 'MultiTrackDriftingSurvivors' (1.1.0) is up to date.
[Info   : Unity Log] [HjUpdaterAPI] The package (mod) named 'MultiTrackDriftingTurrets' (2.0.0) is up to date.
[Info   : Unity Log] [HjUpdaterAPI] All registered mod have been checked for newer versions. This update process is now complete.
[Info   : Unity Log] Steamworks lobby creation succeeded. Lobby id = 109775241116929221
[Info   : Unity Log] GameNetworkManager.desiredHost={ hostType=Self listen=True maxPlayers=16 }
[Info   : Unity Log] steamworksServer.IsValid=True
[Info   : Unity Log] steamworksServer.LoggedOn=False
[Info   : Unity Log] Unloaded scene title
[Info   : Unity Log] FlashWindow.Flash(77793852)
[Info   : Unity Log] Active scene changed from  to lobby
[Info   : Unity Log] Loaded scene lobby loadSceneMode=Single
[Info   : Unity Log] Adding local player controller 0 on connection hostId: -1 connectionId: 0 isReady: False channel count: 0
[Info   : Unity Log] GameNetworkManager.AddPlayerInternal(conn=hostId: -1 connectionId: 0 isReady: False channel count: 0, playerControllerId=0, extraMessageReader=NetBuf sz:251 pos:251
[Info   : Unity Log] FlashWindow.Flash(77793852)
[Info   : Unity Log] OnClientSceneChanged networkSceneName=lobby currentSceneName=lobby
[Error  : Unity Log] A connection has already been set as ready. There can only be one.
[Info   : Unity Log] Player 0 already added, aborting.
[Info   : Unity Log] Attempting to generate PreGameVoteController for Hugh G. Rection
[Info   : Unity Log] <style=cEvent>Hugh G. Rection connected.</color>
[Info   : Unity Log] Steamworks Server IP discovered: 85.244.199.157
[Info   : Unity Log] OnLobbyStateChanged memberStateChange=Entered initiatorUserId=76561198088970736 affectedUserId=76561198088970736
[Info   : Unity Log] Incoming Steamworks connection from Steam ID 76561198088970736: accepted
[Info   : Unity Log] GameNetworkManager.AddPlayerInternal(conn=hostId: 0 connectionId: 1 isReady: False channel count: 8, playerControllerId=0, extraMessageReader=NetBuf sz:251 pos:251
[Error  : Unity Log] There is already a player at that playerControllerId for this connections.
[Info   : Unity Log] <style=cEvent>SerBasti connected.</color>
[Info   : Unity Log] NetworkUser(Clone) (RoR2.NetworkUser)
[Info   : Unity Log] voteController.SetVote(0, 0)
[Info   : Unity Log] Unloaded scene lobby
[Info   : Unity Log] Active scene changed from  to golemplains
[Info   : Unity Log] Loaded scene golemplains loadSceneMode=Single
[Info   : Unity Log] OnClientSceneChanged networkSceneName=golemplains currentSceneName=golemplains
[Info   : Unity Log] Client ready.
[Info   : Unity Log] Player 0 already added, aborting.
[Info   : Unity Log] Spending 330 credits on interactables...
[Info   : Unity Log] reorder list
[Error  : Unity Log] FileNotFoundException: Could not load file or assembly 'TextMeshPro-1.0.55.2017.1.0b11, Version=0.0.0.0, Culture=neutral, PublicKeyToken=null' or one of its dependencies.
Stack trace:
StatsDisplay.StatsDisplay.Update () (at <372153f7ecc04005aa28b4f525d700b7>:0)

[Info   : Unity Log] Client ready.
[Error  : Unity Log] Object PodGroundImpact(Clone) (UnityEngine.GameObject) should not be instantiated by means other than EffectManager.instance.SpawnEffect.
[Error  : Unity Log] Object PodGroundImpact(Clone) (UnityEngine.GameObject) should not be instantiated by means other than EffectManager.instance.SpawnEffect.
[Info   : Unity Log] GenericPickupController.HandlePickupMessage: Received pickup message.
[Info   : Unity Log] <style=cEvent>You picked up <color=#FF8000>Fuel Array</color></color>
[Info   : Unity Log] GenericPickupController.HandlePickupMessage: Received pickup message.
[Info   : Unity Log] <style=cEvent><noparse>SerBasti</noparse> picked up <color=#FF8000>Fuel Array</color></color>
[Info   : Unity Log] Should have played the sound!!!!
[Info   : Unity Log] <style=cDeath><sprite name="Skull" tint=1> It wasn't <noparse>SerBasti</noparse>'s time to die... <sprite name="Skull" tint=1></style>
[Info   : Unity Log] <color=#00FF80>Hugh G. Rection</color> has blessed this run.
[Info   : Unity Log] <style=cShrine><noparse>SerBasti</noparse> is... sequenced.</color>
[Info   : Unity Log] GameNetworkManager.desiredHost={ hostType=None }
[Info   : Unity Log] Network shutting down...
[Info   : Unity Log] Server shutting down...
[Info   : Unity Log] Kicking client on connection 1: Reason ServerShutdown
[Info   : Unity Log] Issued kick message to all remote clients.
[Info   : Unity Log] Closing connection with steamId 76561198088970736
[Info   : Unity Log] Closing connection with steamId 76561198088970736
[Warning: Unity Log] Empty player list given to NetworkServer.Destroy(), nothing to do.
[Info   : Unity Log] <style=cEvent>SerBasti disconnected.</color>
[Info   : Unity Log] Finished waiting for clients to disconnect.
[Info   : Unity Log] StopHost()
[Info   : Unity Log] Server shutdown complete.
[Info   : Unity Log] OnLobbyStateChanged memberStateChange=Left initiatorUserId=76561198088970736 affectedUserId=76561198088970736
[Info   : Unity Log] Unloaded scene golemplains
[Info   : Unity Log] Active scene changed from  to title
[Info   : Unity Log] Loaded scene title loadSceneMode=Single
[Info   : Unity Log] GameNetworkManager.desiredHost={ hostType=Self listen=True maxPlayers=16 }
[Info   : Unity Log] steamworksServer.IsValid=True
[Info   : Unity Log] steamworksServer.LoggedOn=False
[Info   : Unity Log] Unloaded scene title
[Info   : Unity Log] FlashWindow.Flash(77793852)
[Info   : Unity Log] Active scene changed from  to lobby
[Info   : Unity Log] Loaded scene lobby loadSceneMode=Single
[Info   : Unity Log] Press Enter to chat.
[Info   : Unity Log] Adding local player controller 0 on connection hostId: -1 connectionId: 0 isReady: False channel count: 0
[Info   : Unity Log] GameNetworkManager.AddPlayerInternal(conn=hostId: -1 connectionId: 0 isReady: False channel count: 0, playerControllerId=0, extraMessageReader=NetBuf sz:251 pos:251
[Info   : Unity Log] FlashWindow.Flash(77793852)
[Info   : Unity Log] OnClientSceneChanged networkSceneName=lobby currentSceneName=lobby
[Error  : Unity Log] A connection has already been set as ready. There can only be one.
[Info   : Unity Log] Player 0 already added, aborting.
[Info   : Unity Log] Attempting to generate PreGameVoteController for Hugh G. Rection
[Info   : Unity Log] Applying persistent ballot of votes for LocalUser Givanildo, The Capoeira Fighter.
[Info   : Unity Log] <style=cEvent>Hugh G. Rection connected.</color>
[Info   : Unity Log] Steamworks Server IP discovered: 85.244.199.157
[Warning: Unity Log] Could not find transform "ToolbotArmature/ROOT/base/stomach/chest/upper_arm.l/lower_arm.l/toolbase/speargun.base/speargun.spear/RebarMesh" relative to "mdlToolbot".
[Warning: Unity Log] Could not find transform "HuntressArmature/ROOT/base/BowRoot/BowStringIKTarget/ArrowDisplay/Flash" relative to "mdlHuntress".
[Warning: Unity Log] Could not find transform "MageArmature/ROOT/base/stomach/chest/clavicle.r/upper_arm.r/lower_arm.r/MuzzleRight/HeldRoller/RollerMesh" relative to "mdlMage".
[Warning: Unity Log] Could not find transform "MageArmature/ROOT/base/stomach/chest/JetsOn/Fire" relative to "mdlMage".
[Warning: Unity Log] Could not find transform "MageArmature/ROOT/base/stomach/chest/JetsOn/JetsR" relative to "mdlMage".
[Warning: Unity Log] Could not find transform "MageArmature/ROOT/base/stomach/chest/JetsOn/JetsL" relative to "mdlMage".
[Warning: Unity Log] Could not find transform "MageArmature/ROOT/base/stomach/chest/JetsOn/FireRing" relative to "mdlMage".
[Info   : Unity Log] OnLobbyStateChanged memberStateChange=Entered initiatorUserId=76561198088970736 affectedUserId=76561198088970736
[Info   : Unity Log] Incoming Steamworks connection from Steam ID 76561198088970736: accepted
[Info   : Unity Log] GameNetworkManager.AddPlayerInternal(conn=hostId: 0 connectionId: 1 isReady: False channel count: 8, playerControllerId=0, extraMessageReader=NetBuf sz:251 pos:251
[Error  : Unity Log] There is already a player at that playerControllerId for this connections.
[Info   : Unity Log] <style=cEvent>SerBasti connected.</color>
[Info   : Unity Log] NetworkUser(Clone) (RoR2.NetworkUser)
[Info   : Unity Log] voteController.SetVote(0, 1)
[Info   : Unity Log] NetworkUser(Clone) (RoR2.NetworkUser)
[Info   : Unity Log] voteController.SetVote(0, 2)
[Warning: Unity Log] Could not find transform "HuntressArmature/ROOT/base/BowRoot/BowStringIKTarget/ArrowDisplay/Flash" relative to "mdlHuntress".
[Warning: Unity Log] Could not find transform "MageArmature/ROOT/base/stomach/chest/clavicle.r/upper_arm.r/lower_arm.r/MuzzleRight/HeldRoller/RollerMesh" relative to "mdlMage".
[Warning: Unity Log] Could not find transform "MageArmature/ROOT/base/stomach/chest/JetsOn/Fire" relative to "mdlMage".
[Warning: Unity Log] Could not find transform "MageArmature/ROOT/base/stomach/chest/JetsOn/JetsR" relative to "mdlMage".
[Warning: Unity Log] Could not find transform "MageArmature/ROOT/base/stomach/chest/JetsOn/JetsL" relative to "mdlMage".
[Warning: Unity Log] Could not find transform "MageArmature/ROOT/base/stomach/chest/JetsOn/FireRing" relative to "mdlMage".
[Warning: Unity Log] Could not find transform "MageArmature/ROOT/base/stomach/chest/clavicle.r/upper_arm.r/lower_arm.r/MuzzleRight/HeldRoller/RollerMesh" relative to "mdlMage".
[Warning: Unity Log] Could not find transform "MageArmature/ROOT/base/stomach/chest/JetsOn/Fire" relative to "mdlMage".
[Warning: Unity Log] Could not find transform "MageArmature/ROOT/base/stomach/chest/JetsOn/JetsR" relative to "mdlMage".
[Warning: Unity Log] Could not find transform "MageArmature/ROOT/base/stomach/chest/JetsOn/JetsL" relative to "mdlMage".
[Warning: Unity Log] Could not find transform "MageArmature/ROOT/base/stomach/chest/JetsOn/FireRing" relative to "mdlMage".
[Warning: Unity Log] Could not find transform "MageArmature/ROOT/base/stomach/chest/clavicle.r/upper_arm.r/lower_arm.r/MuzzleRight/HeldRoller/RollerMesh" relative to "mdlMage".
[Warning: Unity Log] Could not find transform "MageArmature/ROOT/base/stomach/chest/JetsOn/Fire" relative to "mdlMage".
[Warning: Unity Log] Could not find transform "MageArmature/ROOT/base/stomach/chest/JetsOn/JetsR" relative to "mdlMage".
[Warning: Unity Log] Could not find transform "MageArmature/ROOT/base/stomach/chest/JetsOn/JetsL" relative to "mdlMage".
[Warning: Unity Log] Could not find transform "MageArmature/ROOT/base/stomach/chest/JetsOn/FireRing" relative to "mdlMage".
[Warning: Unity Log] Could not find transform "MageArmature/ROOT/base/stomach/chest/clavicle.r/upper_arm.r/lower_arm.r/MuzzleRight/HeldRoller/RollerMesh" relative to "mdlMage".
[Warning: Unity Log] Could not find transform "MageArmature/ROOT/base/stomach/chest/JetsOn/Fire" relative to "mdlMage".
[Warning: Unity Log] Could not find transform "MageArmature/ROOT/base/stomach/chest/JetsOn/JetsR" relative to "mdlMage".
[Warning: Unity Log] Could not find transform "MageArmature/ROOT/base/stomach/chest/JetsOn/JetsL" relative to "mdlMage".
[Warning: Unity Log] Could not find transform "MageArmature/ROOT/base/stomach/chest/JetsOn/FireRing" relative to "mdlMage".
[Info   : Unity Log] Unloaded scene lobby
[Info   : Unity Log] Active scene changed from  to blackbeach2
[Info   : Unity Log] Loaded scene blackbeach2 loadSceneMode=Single
[Info   : Unity Log] OnClientSceneChanged networkSceneName=blackbeach2 currentSceneName=blackbeach2
[Info   : Unity Log] Client ready.
[Info   : Unity Log] Player 0 already added, aborting.
[Info   : Unity Log] Spending 270 credits on interactables...
[Info   : Unity Log] reorder list
[Error  : Unity Log] FileNotFoundException: Could not load file or assembly 'TextMeshPro-1.0.55.2017.1.0b11, Version=0.0.0.0, Culture=neutral, PublicKeyToken=null' or one of its dependencies.
Stack trace:
StatsDisplay.StatsDisplay.Update () (at <372153f7ecc04005aa28b4f525d700b7>:0)

[Info   : Unity Log] Client ready.
[Error  : Unity Log] Object PodGroundImpact(Clone) (UnityEngine.GameObject) should not be instantiated by means other than EffectManager.instance.SpawnEffect.
[Error  : Unity Log] Object PodGroundImpact(Clone) (UnityEngine.GameObject) should not be instantiated by means other than EffectManager.instance.SpawnEffect.
[Info   : Unity Log] GenericPickupController.HandlePickupMessage: Received pickup message.
[Info   : Unity Log] <style=cEvent>You picked up <color=#FF8000>Fuel Array</color></color>
[Warning: Unity Log] Animator.GotoState: State could not be found
[Warning: Unity Log] Invalid Layer Index '-1'
[Warning: Unity Log] Animator.GotoState: State could not be found
[Warning: Unity Log] Invalid Layer Index '-1'
[Warning: Unity Log] Animator.GotoState: State could not be found
[Warning: Unity Log] Invalid Layer Index '-1'
[Info   : Unity Log] Base (UnityEngine.GameObject) is missing surface def
[Warning: Unity Log] Animator.GotoState: State could not be found
[Warning: Unity Log] Invalid Layer Index '-1'
[Info   : Unity Log] <style=cShrine>You feel a searing pain. You have gained 35 gold.</color>
[Info   : Unity Log] Should have played the sound!!!!
[Error  : Unity Log] Object ChargeMageLightningBomb(Clone) (UnityEngine.GameObject) should not be instantiated by means other than EffectManager.instance.SpawnEffect.
[Error  : Unity Log] NullReferenceException: Object reference not set to an instance of an object
Stack trace:
RoR2.EffectComponent.Start () (at <5cdee1c8afdf42e2a8df7bd1ae8dc681>:0)

[Info   : Unity Log] <style=cDeath><sprite name="Skull" tint=1> They will surely feast on your flesh. <sprite name="Skull" tint=1></style>
[Info   : Unity Log] <color=#00FF80>Hugh G. Rection</color> has blessed this run.
[Info   : Unity Log] <style=cShrine>You have been... sequenced.</color>
[Info   : Unity Log] <style=cShrine><noparse>SerBasti</noparse> feels a searing pain, and has gained 41 gold.</color>
[Error  : Unity Log] Object ChargeMageLightningBomb(Clone) (UnityEngine.GameObject) should not be instantiated by means other than EffectManager.instance.SpawnEffect.
[Error  : Unity Log] NullReferenceException: Object reference not set to an instance of an object
Stack trace:
RoR2.EffectComponent.Start () (at <5cdee1c8afdf42e2a8df7bd1ae8dc681>:0)

[Warning: Unity Log] Animator.GotoState: State could not be found
[Warning: Unity Log] Invalid Layer Index '-1'
[Error  : Unity Log] Object ChargeMageLightningBomb(Clone) (UnityEngine.GameObject) should not be instantiated by means other than EffectManager.instance.SpawnEffect.
[Error  : Unity Log] NullReferenceException: Object reference not set to an instance of an object
Stack trace:
RoR2.EffectComponent.Start () (at <5cdee1c8afdf42e2a8df7bd1ae8dc681>:0)

[Info   : Unity Log] GenericPickupController.HandlePickupMessage: Received pickup message.
[Info   : Unity Log] <style=cEvent><noparse>SerBasti</noparse> picked up <color=#FFFFFF>Monster Tooth</color></color>
[Warning: Unity Log] Animator.GotoState: State could not be found
[Warning: Unity Log] Invalid Layer Index '-1'
[Error  : Unity Log] Object ChargeMageLightningBomb(Clone) (UnityEngine.GameObject) should not be instantiated by means other than EffectManager.instance.SpawnEffect.
[Error  : Unity Log] NullReferenceException: Object reference not set to an instance of an object
Stack trace:
RoR2.EffectComponent.Start () (at <5cdee1c8afdf42e2a8df7bd1ae8dc681>:0)

[Info   : Unity Log] GenericPickupController.HandlePickupMessage: Received pickup message.
[Info   : Unity Log] <style=cEvent><noparse>SerBasti</noparse> picked up <color=#FFFFFF>Bundle of Fireworks</color></color>
[Error  : Unity Log] Object ChargeMageLightningBomb(Clone) (UnityEngine.GameObject) should not be instantiated by means other than EffectManager.instance.SpawnEffect.
[Error  : Unity Log] NullReferenceException: Object reference not set to an instance of an object
Stack trace:
RoR2.EffectComponent.Start () (at <5cdee1c8afdf42e2a8df7bd1ae8dc681>:0)

[Info   : Unity Log] <style=cDeath><sprite name="Skull" tint=1> They will surely feast on <noparse>SerBasti</noparse>'s flesh. <sprite name="Skull" tint=1></style>
[Info   : Unity Log] <style=cShrine><noparse>SerBasti</noparse> is... sequenced.</color>
[Warning: Unity Log] Parent of RectTransform is being set with parent property. Consider using the SetParent method instead, with the worldPositionStays argument set to false. This will retain local orientation and scale rather than world orientation and scale, which can prevent common UI scaling issues.
[Info   : Unity Log] Transfered 9.2 monster credits from Director (UnityEngine.GameObject) to Director (UnityEngine.GameObject)
[Error  : Unity Log] Cannot set the parent of the GameObject 'Flames' while activating or deactivating the parent GameObject 'FireballGhost(Clone)'.
[Info   : Unity Log] Unloaded scene blackbeach2
[Info   : Unity Log] FlashWindow.Flash(77793852)
[Info   : Unity Log] Active scene changed from  to lobby
[Info   : Unity Log] Loaded scene lobby loadSceneMode=Single
[Info   : Unity Log] Merc
[Info   : Unity Log] OnLobbyStateChanged memberStateChange=Entered initiatorUserId=76561198042620282 affectedUserId=76561198042620282
[Warning: Unity Log] Could not find transform "MageArmature/ROOT/base/stomach/chest/clavicle.r/upper_arm.r/lower_arm.r/MuzzleRight/HeldRoller/RollerMesh" relative to "mdlMage".
[Warning: Unity Log] Could not find transform "MageArmature/ROOT/base/stomach/chest/JetsOn/Fire" relative to "mdlMage".
[Warning: Unity Log] Could not find transform "MageArmature/ROOT/base/stomach/chest/JetsOn/JetsR" relative to "mdlMage".
[Warning: Unity Log] Could not find transform "MageArmature/ROOT/base/stomach/chest/JetsOn/JetsL" relative to "mdlMage".
[Warning: Unity Log] Could not find transform "MageArmature/ROOT/base/stomach/chest/JetsOn/FireRing" relative to "mdlMage".
[Info   : Unity Log] Press Enter to chat.
[Info   : Unity Log] OnClientSceneChanged networkSceneName=lobby currentSceneName=lobby
[Info   : Unity Log] Client ready.
[Info   : Unity Log] Player 0 already added, aborting.
[Info   : Unity Log] Attempting to generate PreGameVoteController for Hugh G. Rection
[Info   : Unity Log] Attempting to generate PreGameVoteController for SerBasti
[Info   : Unity Log] Applying persistent ballot of votes for LocalUser Givanildo, The Capoeira Fighter.
[Info   : Unity Log] Client ready.
[Info   : Unity Log] Incoming Steamworks connection from Steam ID 76561198042620282: accepted
[Info   : Unity Log] GameNetworkManager.AddPlayerInternal(conn=hostId: 0 connectionId: 2 isReady: False channel count: 8, playerControllerId=0, extraMessageReader=NetBuf sz:251 pos:251
[Error  : Unity Log] There is already a player at that playerControllerId for this connections.
[Info   : Unity Log] <style=cEvent>LeLeo connected.</color>
